f:\yzworkspace\yzpeopleenv\trunk\src\yzm2eapp\yzm2eapp\x64\debug\yzm2eapp.pch
f:\yzworkspace\yzpeopleenv\trunk\src\yzm2eapp\yzm2eapp\x64\debug\vc120.pdb
f:\yzworkspace\yzpeopleenv\trunk\src\yzm2eapp\yzm2eapp\x64\debug\vc120.idb
f:\yzworkspace\yzpeopleenv\trunk\src\yzm2eapp\yzm2eapp\x64\debug\stdafx.obj
f:\yzworkspace\yzpeopleenv\trunk\src\yzm2eapp\yzm2eapp\x64\debug\page.obj
f:\yzworkspace\yzpeopleenv\trunk\src\yzm2eapp\yzm2eapp\x64\debug\testlogdialog.obj
f:\yzworkspace\yzpeopleenv\trunk\src\yzm2eapp\yzm2eapp\x64\debug\page2.obj
f:\yzworkspace\yzpeopleenv\trunk\src\yzm2eapp\yzm2eapp\x64\debug\questiondialog.obj
f:\yzworkspace\yzpeopleenv\trunk\src\yzm2eapp\yzm2eapp\x64\debug\sheet.obj
f:\yzworkspace\yzpeopleenv\trunk\src\yzm2eapp\yzm2eapp\x64\debug\experidialog.obj
f:\yzworkspace\yzpeopleenv\trunk\src\yzm2eapp\yzm2eapp\x64\debug\yzm2eapp.obj
f:\yzworkspace\yzpeopleenv\trunk\src\yzm2eapp\yzm2eapp\x64\debug\yzm2eappdlg.obj
f:\yzworkspace\yzpeopleenv\trunk\src\yzm2eapp\yzm2eapp\x64\debug\testdialog.obj
f:\yzworkspace\yzpeopleenv\trunk\src\yzm2eapp\yzm2eapp\x64\debug\btnst.obj
f:\yzworkspace\yzpeopleenv\trunk\src\yzm2eapp\yzm2eapp\x64\debug\dialogbutton.obj
f:\yzworkspace\yzpeopleenv\trunk\src\yzm2eapp\yzm2eapp\x64\debug\listtask.obj
f:\yzworkspace\yzpeopleenv\trunk\src\yzm2eapp\yzm2eapp\x64\debug\memdcwnd.obj
f:\yzworkspace\yzpeopleenv\trunk\src\yzm2eapp\yzm2eapp\x64\debug\mylistctrl.obj
f:\yzworkspace\yzpeopleenv\trunk\src\yzm2eapp\yzm2eapp\x64\debug\myheadctrl.obj
f:\yzworkspace\yzpeopleenv\trunk\src\yzm2eapp\x64\debug\yzm2eapp.ilk
f:\yzworkspace\yzpeopleenv\trunk\src\yzm2eapp\x64\debug\yzm2eapp.exe
f:\yzworkspace\yzpeopleenv\trunk\src\yzm2eapp\x64\debug\yzm2eapp.pdb
f:\yzworkspace\yzpeopleenv\trunk\src\yzm2eapp\yzm2eapp\x64\debug\yzm2eapp.res
f:\yzworkspace\yzpeopleenv\trunk\src\yzm2eapp\yzm2eapp\x64\debug\cvvimage.obj
f:\yzworkspace\yzpeopleenv\trunk\src\yzm2eapp\yzm2eapp\x64\debug\experilistctrl.obj
f:\yzworkspace\yzpeopleenv\trunk\src\yzm2eapp\yzm2eapp\x64\debug\yzm2eapp.tlog\cl.command.1.tlog
f:\yzworkspace\yzpeopleenv\trunk\src\yzm2eapp\yzm2eapp\x64\debug\yzm2eapp.tlog\cl.read.1.tlog
f:\yzworkspace\yzpeopleenv\trunk\src\yzm2eapp\yzm2eapp\x64\debug\yzm2eapp.tlog\cl.write.1.tlog
f:\yzworkspace\yzpeopleenv\trunk\src\yzm2eapp\yzm2eapp\x64\debug\yzm2eapp.tlog\link.command.1.tlog
f:\yzworkspace\yzpeopleenv\trunk\src\yzm2eapp\yzm2eapp\x64\debug\yzm2eapp.tlog\link.read.1.tlog
f:\yzworkspace\yzpeopleenv\trunk\src\yzm2eapp\yzm2eapp\x64\debug\yzm2eapp.tlog\link.write.1.tlog
f:\yzworkspace\yzpeopleenv\trunk\src\yzm2eapp\yzm2eapp\x64\debug\yzm2eapp.tlog\rc.command.1.tlog
f:\yzworkspace\yzpeopleenv\trunk\src\yzm2eapp\yzm2eapp\x64\debug\yzm2eapp.tlog\rc.read.1.tlog
f:\yzworkspace\yzpeopleenv\trunk\src\yzm2eapp\yzm2eapp\x64\debug\yzm2eapp.tlog\rc.write.1.tlog
